<?xml version="1.0" encoding="UTF-8"?>
<!-- Generated by org.testng.reporters.JUnitReportReporter -->
<testsuite hostname="S-PC" failures="0" tests="6" name="seleniumautomation.ScreenNavigation.ScreenNavigateNewTest" time="88.864" errors="0" timestamp="2022-08-29T00:53:58 IST" skipped="0">
  <testcase classname="seleniumautomation.ScreenNavigation.ScreenNavigateNewTest" name="launchApplication" time="35.225"/>
  <system-out/>
  <testcase classname="seleniumautomation.ScreenNavigation.ScreenNavigateNewTest" name="navigateToRegisterForm" time="21.059"/>
  <system-out>
    <![CDATA[QA- Automatrion is Selected 
Practice-Automation is Selected 
Register form is Selected ]]>
  </system-out>
  <testcase classname="seleniumautomation.ScreenNavigation.ScreenNavigateNewTest" name="navigateToAlertPopup" time="9.591"/>
  <system-out>
    <![CDATA[QA- Automatrion is Selected 
Practice-Automation is Selected 
Alert Pop up is Selected ]]>
  </system-out>
  <testcase classname="seleniumautomation.ScreenNavigation.ScreenNavigateNewTest" name="navigateToMultiWindow" time="15.489"/>
  <system-out>
    <![CDATA[QA- Automatrion is Selected 
Practice-Automation is Selected 
Multi Windows is Selected ]]>
  </system-out>
  <testcase classname="seleniumautomation.ScreenNavigation.ScreenNavigateNewTest" name="navigateToWebTable" time="5.074"/>
  <system-out>
    <![CDATA[QA- Automatrion is Selected 
Practice-Automation is Selected 
Web Table is Selected ]]>
  </system-out>
  <testcase classname="seleniumautomation.ScreenNavigation.ScreenNavigateNewTest" name="closeApplication" time="2.426"/>
  <system-out/>
</testsuite> <!-- seleniumautomation.ScreenNavigation.ScreenNavigateNewTest -->
